<quil>

    <personne>

	<hello m="world">My World</hello>

        <nom>Durant</nom>

        <prenom>Stephan</prenom>

	<adresse>

		<ville postal="00000">Bruxelles</ville>
		<ville postal="00000">Paris</ville>

	</adresse>

    </personne>

    <personne>

        <nom>Dupont</nom>

        <prenom>Henri</prenom>

	<adresse></adresse>

    </personne>

</quil>